<?xml version="1.0" encoding="UTF-8"?>
<!-- Generated by org.testng.reporters.JUnitXMLReporter -->
<testsuite ignored="12" hostname="ASCINLAP61421" failures="1" tests="7" name="Ajio End-to-End Tests" time="176.624" errors="0" timestamp="2025-10-31T12:43:52 IST">
  <testcase classname="com.ajio.tests.LoginAjio" name="loginWithValidPhoneNumber" time="35.589"/>
  <testcase classname="com.ajio.tests.SearchAjio" name="searchForProduct" time="12.294"/>
  <testcase classname="com.ajio.tests.AddToCartAjio" name="addProductToCart" time="29.289"/>
  <testcase classname="com.ajio.tests.CartQuantityAjio" name="increaseQuantityInCart" time="20.261">
    <failure type="java.lang.RuntimeException" message="❌ Quantity increase failed.">
      <![CDATA[java.lang.RuntimeException: ❌ Quantity increase failed.
at com.ajio.tests.CartQuantityAjio.increaseQuantityInCart(CartQuantityAjio.java:55)
at java.base/java.util.ArrayList.forEach(ArrayList.java:1596)
... Removed 25 stack frames]]>
    </failure>
  </testcase> <!-- increaseQuantityInCart -->
  <testcase classname="com.ajio.tests.RemoveFromCartAjio" name="removeProductFromCart" time="31.478"/>
  <testcase classname="com.ajio.tests.SmokeTest" name="verifyReportCreation" time="0.012"/>
  <testcase classname="com.ajio.tests.CheckoutAjio" name="checkoutFlowTest" time="47.572"/>
  <testcase classname="com.ajio.base.BaseTest" name="@AfterSuite flushReport" time="0.0">
    <ignored/>
  </testcase> <!-- @AfterSuite flushReport -->
  <testcase classname="com.ajio.base.BaseTest" name="@AfterSuite flushReport" time="0.0">
    <ignored/>
  </testcase> <!-- @AfterSuite flushReport -->
  <testcase classname="com.ajio.base.BaseTest" name="@BeforeSuite setupReport" time="0.0">
    <ignored/>
  </testcase> <!-- @BeforeSuite setupReport -->
  <testcase classname="com.ajio.base.BaseTest" name="@AfterSuite flushReport" time="0.0">
    <ignored/>
  </testcase> <!-- @AfterSuite flushReport -->
  <testcase classname="com.ajio.base.BaseTest" name="@BeforeSuite setupReport" time="0.0">
    <ignored/>
  </testcase> <!-- @BeforeSuite setupReport -->
  <testcase classname="com.ajio.base.BaseTest" name="@AfterSuite flushReport" time="0.0">
    <ignored/>
  </testcase> <!-- @AfterSuite flushReport -->
  <testcase classname="com.ajio.base.BaseTest" name="@BeforeSuite setupReport" time="0.0">
    <ignored/>
  </testcase> <!-- @BeforeSuite setupReport -->
  <testcase classname="com.ajio.base.BaseTest" name="@AfterSuite flushReport" time="0.0">
    <ignored/>
  </testcase> <!-- @AfterSuite flushReport -->
  <testcase classname="com.ajio.base.BaseTest" name="@AfterSuite flushReport" time="0.0">
    <ignored/>
  </testcase> <!-- @AfterSuite flushReport -->
  <testcase classname="com.ajio.base.BaseTest" name="@BeforeSuite setupReport" time="0.0">
    <ignored/>
  </testcase> <!-- @BeforeSuite setupReport -->
  <testcase classname="com.ajio.base.BaseTest" name="@BeforeSuite setupReport" time="0.0">
    <ignored/>
  </testcase> <!-- @BeforeSuite setupReport -->
  <testcase classname="com.ajio.base.BaseTest" name="@BeforeSuite setupReport" time="0.0">
    <ignored/>
  </testcase> <!-- @BeforeSuite setupReport -->
</testsuite> <!-- Ajio End-to-End Tests -->
