<?xml version="1.0" encoding="UTF-8"?>
<!-- Generated by org.testng.reporters.JUnitXMLReporter -->
<testsuite ignored="12" hostname="ASCINLAP61421" failures="2" tests="7" name="Ajio End-to-End Tests" time="185.569" errors="0" timestamp="2025-10-24T20:51:41 IST">
  <testcase classname="com.ajio.tests.LoginAjio" name="loginWithValidPhoneNumber" time="20.724"/>
  <testcase classname="com.ajio.tests.SearchAjio" name="searchForProduct" time="23.225"/>
  <testcase classname="com.ajio.tests.AddToCartAjio" name="addProductToCart" time="20.295"/>
  <testcase classname="com.ajio.tests.CartQuantityAjio" name="increaseQuantityInCart" time="21.057">
    <failure type="java.lang.RuntimeException" message="❌ Quantity increase failed.">
      <![CDATA[java.lang.RuntimeException: ❌ Quantity increase failed.
at com.ajio.tests.CartQuantityAjio.increaseQuantityInCart(CartQuantityAjio.java:55)
at java.base/java.util.ArrayList.forEach(ArrayList.java:1596)
... Removed 25 stack frames]]>
    </failure>
  </testcase> <!-- increaseQuantityInCart -->
  <testcase classname="com.ajio.tests.RemoveFromCartAjio" name="removeProductFromCart" time="29.722"/>
  <testcase classname="com.ajio.tests.WishlistAjio" name="addProductToWishlist" time="39.319"/>
  <testcase classname="com.ajio.tests.CheckoutAjio" name="checkoutFlowTest" time="31.114">
    <failure type="java.lang.AssertionError" message="Checkout flow interrupted by login requirement.">
      <![CDATA[java.lang.AssertionError: Checkout flow interrupted by login requirement.
at com.ajio.tests.CheckoutAjio.checkoutFlowTest(CheckoutAjio.java:40)
at java.base/java.util.ArrayList.forEach(ArrayList.java:1596)
... Removed 26 stack frames]]>
    </failure>
  </testcase> <!-- checkoutFlowTest -->
  <testcase classname="com.ajio.base.BaseTest" name="@AfterSuite flushReport" time="0.0">
    <ignored/>
  </testcase> <!-- @AfterSuite flushReport -->
  <testcase classname="com.ajio.base.BaseTest" name="@AfterSuite flushReport" time="0.0">
    <ignored/>
  </testcase> <!-- @AfterSuite flushReport -->
  <testcase classname="com.ajio.base.BaseTest" name="@BeforeSuite setupReport" time="0.0">
    <ignored/>
  </testcase> <!-- @BeforeSuite setupReport -->
  <testcase classname="com.ajio.base.BaseTest" name="@BeforeSuite setupReport" time="0.0">
    <ignored/>
  </testcase> <!-- @BeforeSuite setupReport -->
  <testcase classname="com.ajio.base.BaseTest" name="@AfterSuite flushReport" time="0.0">
    <ignored/>
  </testcase> <!-- @AfterSuite flushReport -->
  <testcase classname="com.ajio.base.BaseTest" name="@BeforeSuite setupReport" time="0.0">
    <ignored/>
  </testcase> <!-- @BeforeSuite setupReport -->
  <testcase classname="com.ajio.base.BaseTest" name="@AfterSuite flushReport" time="0.0">
    <ignored/>
  </testcase> <!-- @AfterSuite flushReport -->
  <testcase classname="com.ajio.base.BaseTest" name="@BeforeSuite setupReport" time="0.0">
    <ignored/>
  </testcase> <!-- @BeforeSuite setupReport -->
  <testcase classname="com.ajio.base.BaseTest" name="@AfterSuite flushReport" time="0.0">
    <ignored/>
  </testcase> <!-- @AfterSuite flushReport -->
  <testcase classname="com.ajio.base.BaseTest" name="@BeforeSuite setupReport" time="0.0">
    <ignored/>
  </testcase> <!-- @BeforeSuite setupReport -->
  <testcase classname="com.ajio.base.BaseTest" name="@BeforeSuite setupReport" time="0.0">
    <ignored/>
  </testcase> <!-- @BeforeSuite setupReport -->
  <testcase classname="com.ajio.base.BaseTest" name="@AfterSuite flushReport" time="0.0">
    <ignored/>
  </testcase> <!-- @AfterSuite flushReport -->
</testsuite> <!-- Ajio End-to-End Tests -->
