<?xml version="1.0" encoding="UTF-8"?>
<!-- Generated by org.testng.reporters.JUnitXMLReporter -->
<testsuite ignored="0" hostname="ASCINLAP61421" failures="1" tests="1" name="Test" time="27.256" errors="0" timestamp="2025-10-31T15:59:45 IST">
  <testcase classname="com.ajio.tests.CartQuantityAjio" name="increaseQuantityInCart" time="27.179">
    <failure type="java.lang.NullPointerException" message="Cannot invoke &amp;quot;com.aventstack.extentreports.ExtentTest.fail(String)&amp;quot; because &amp;quot;com.ajio.tests.CartQuantityAjio.test&amp;quot; is null">
      <![CDATA[java.lang.NullPointerException: Cannot invoke "com.aventstack.extentreports.ExtentTest.fail(String)" because "com.ajio.tests.CartQuantityAjio.test" is null
at com.ajio.tests.CartQuantityAjio.increaseQuantityInCart(CartQuantityAjio.java:36)
at java.base/java.util.ArrayList.forEach(ArrayList.java:1596)
... Removed 25 stack frames]]>
    </failure>
  </testcase> <!-- increaseQuantityInCart -->
</testsuite> <!-- Test -->
