<?xml version="1.0" encoding="UTF-8"?>
<!-- Generated by org.testng.reporters.JUnitXMLReporter -->
<testsuite ignored="2" hostname="ASCINLAP61421" failures="0" tests="2" name="Ajio Automation Tests" time="89.381" errors="0" timestamp="2025-11-02T22:46:48 IST">
  <testcase classname="tests.AjioOpenTest" name="openAjioHomePage" time="27.106"/>
  <testcase classname="tests.AjioAddToCartTest" name="addProductToCart" time="38.897"/>
  <testcase classname="Base.BaseTest" name="@AfterSuite flushReport" time="0.0">
    <ignored/>
  </testcase> <!-- @AfterSuite flushReport -->
  <testcase classname="Base.BaseTest" name="@BeforeSuite setupReport" time="0.0">
    <ignored/>
  </testcase> <!-- @BeforeSuite setupReport -->
</testsuite> <!-- Ajio Automation Tests -->
